

Started GET "/" for 127.0.0.1 at 2015-12-17 12:00:44 +0100
Processing by SayController#hello as HTML
  Rendered say/hello.html.erb within layouts/application (1.2ms)
Compiled jquery.js  (3ms)  (pid 89565)
Compiled jquery_ujs.js  (0ms)  (pid 89565)
Compiled application.js  (19ms)  (pid 89565)
Completed 200 OK in 45.0ms (Views: 43.6ms)


Started GET "/assets/jquery.js?body=1" for 127.0.0.1 at 2015-12-17 12:00:44 +0100
Served asset /jquery.js - 200 OK (5ms)


Started GET "/assets/jquery_ujs.js?body=1" for 127.0.0.1 at 2015-12-17 12:00:44 +0100
Served asset /jquery_ujs.js - 200 OK (2ms)


Started GET "/assets/application.js?body=1" for 127.0.0.1 at 2015-12-17 12:00:44 +0100
Served asset /application.js - 200 OK (10ms)


Started GET "/assets/newapp-icon.png" for 127.0.0.1 at 2015-12-17 12:00:44 +0100
Served asset /newapp-icon.png - 200 OK (5ms)


Started GET "/reuters/find.xml" for 127.0.0.1 at 2015-12-17 12:00:50 +0100

ActionController::RoutingError (No route matches [GET] "/reuters/find.xml"):
  actionpack (3.2.22) lib/action_dispatch/middleware/debug_exceptions.rb:21:in `call'
  actionpack (3.2.22) lib/action_dispatch/middleware/show_exceptions.rb:56:in `call'
  railties (3.2.22) lib/rails/rack/logger.rb:32:in `call_app'
  railties (3.2.22) lib/rails/rack/logger.rb:16:in `block in call'
  activesupport (3.2.22) lib/active_support/tagged_logging.rb:22:in `tagged'
  railties (3.2.22) lib/rails/rack/logger.rb:16:in `call'
  actionpack (3.2.22) lib/action_dispatch/middleware/request_id.rb:22:in `call'
  rack (1.4.7) lib/rack/methodoverride.rb:21:in `call'
  rack (1.4.7) lib/rack/runtime.rb:17:in `call'
  activesupport (3.2.22) lib/active_support/cache/strategy/local_cache.rb:72:in `call'
  rack (1.4.7) lib/rack/lock.rb:15:in `call'
  actionpack (3.2.22) lib/action_dispatch/middleware/static.rb:83:in `call'
  railties (3.2.22) lib/rails/engine.rb:484:in `call'
  railties (3.2.22) lib/rails/application.rb:231:in `call'
  rack (1.4.7) lib/rack/content_length.rb:14:in `call'
  railties (3.2.22) lib/rails/rack/log_tailer.rb:17:in `call'
  rack (1.4.7) lib/rack/handler/webrick.rb:59:in `service'
  /Users/rackom/.rvm/rubies/ruby-2.2.2/lib/ruby/2.2.0/webrick/httpserver.rb:138:in `service'
  /Users/rackom/.rvm/rubies/ruby-2.2.2/lib/ruby/2.2.0/webrick/httpserver.rb:94:in `run'
  /Users/rackom/.rvm/rubies/ruby-2.2.2/lib/ruby/2.2.0/webrick/server.rb:294:in `block in start_thread'


  Rendered /Users/rackom/.rvm/gems/ruby-2.2.2/gems/actionpack-3.2.22/lib/action_dispatch/middleware/templates/rescues/routing_error.erb within rescues/layout (0.6ms)


Started GET "/reuters/find.xml?name=AAPL" for 127.0.0.1 at 2015-12-17 12:00:58 +0100

ActionController::RoutingError (No route matches [GET] "/reuters/find.xml"):
  actionpack (3.2.22) lib/action_dispatch/middleware/debug_exceptions.rb:21:in `call'
  actionpack (3.2.22) lib/action_dispatch/middleware/show_exceptions.rb:56:in `call'
  railties (3.2.22) lib/rails/rack/logger.rb:32:in `call_app'
  railties (3.2.22) lib/rails/rack/logger.rb:16:in `block in call'
  activesupport (3.2.22) lib/active_support/tagged_logging.rb:22:in `tagged'
  railties (3.2.22) lib/rails/rack/logger.rb:16:in `call'
  actionpack (3.2.22) lib/action_dispatch/middleware/request_id.rb:22:in `call'
  rack (1.4.7) lib/rack/methodoverride.rb:21:in `call'
  rack (1.4.7) lib/rack/runtime.rb:17:in `call'
  activesupport (3.2.22) lib/active_support/cache/strategy/local_cache.rb:72:in `call'
  rack (1.4.7) lib/rack/lock.rb:15:in `call'
  actionpack (3.2.22) lib/action_dispatch/middleware/static.rb:83:in `call'
  railties (3.2.22) lib/rails/engine.rb:484:in `call'
  railties (3.2.22) lib/rails/application.rb:231:in `call'
  rack (1.4.7) lib/rack/content_length.rb:14:in `call'
  railties (3.2.22) lib/rails/rack/log_tailer.rb:17:in `call'
  rack (1.4.7) lib/rack/handler/webrick.rb:59:in `service'
  /Users/rackom/.rvm/rubies/ruby-2.2.2/lib/ruby/2.2.0/webrick/httpserver.rb:138:in `service'
  /Users/rackom/.rvm/rubies/ruby-2.2.2/lib/ruby/2.2.0/webrick/httpserver.rb:94:in `run'
  /Users/rackom/.rvm/rubies/ruby-2.2.2/lib/ruby/2.2.0/webrick/server.rb:294:in `block in start_thread'


  Rendered /Users/rackom/.rvm/gems/ruby-2.2.2/gems/actionpack-3.2.22/lib/action_dispatch/middleware/templates/rescues/routing_error.erb within rescues/layout (0.5ms)


Started GET "/reuters/find.xml?name=AAPL" for 127.0.0.1 at 2015-12-17 12:01:47 +0100
Processing by ReutersController#find as XML
  Parameters: {"name"=>"AAPL"}
Completed 200 OK in 0.4ms (Views: 0.1ms)


Started GET "/reuters/find.xml?name=AAPL" for 127.0.0.1 at 2015-12-17 12:04:45 +0100
Processing by ReutersController#find as XML
  Parameters: {"name"=>"AAPL"}
Completed 200 OK in 0.5ms (Views: 0.1ms)


Started GET "/reuters_find.xml?name=AAPL" for 127.0.0.1 at 2015-12-17 12:05:34 +0100

ActionController::RoutingError (No route matches [GET] "/reuters_find.xml"):
  actionpack (3.2.22) lib/action_dispatch/middleware/debug_exceptions.rb:21:in `call'
  actionpack (3.2.22) lib/action_dispatch/middleware/show_exceptions.rb:56:in `call'
  railties (3.2.22) lib/rails/rack/logger.rb:32:in `call_app'
  railties (3.2.22) lib/rails/rack/logger.rb:16:in `block in call'
  activesupport (3.2.22) lib/active_support/tagged_logging.rb:22:in `tagged'
  railties (3.2.22) lib/rails/rack/logger.rb:16:in `call'
  actionpack (3.2.22) lib/action_dispatch/middleware/request_id.rb:22:in `call'
  rack (1.4.7) lib/rack/methodoverride.rb:21:in `call'
  rack (1.4.7) lib/rack/runtime.rb:17:in `call'
  activesupport (3.2.22) lib/active_support/cache/strategy/local_cache.rb:72:in `call'
  rack (1.4.7) lib/rack/lock.rb:15:in `call'
  actionpack (3.2.22) lib/action_dispatch/middleware/static.rb:83:in `call'
  railties (3.2.22) lib/rails/engine.rb:484:in `call'
  railties (3.2.22) lib/rails/application.rb:231:in `call'
  rack (1.4.7) lib/rack/content_length.rb:14:in `call'
  railties (3.2.22) lib/rails/rack/log_tailer.rb:17:in `call'
  rack (1.4.7) lib/rack/handler/webrick.rb:59:in `service'
  /Users/rackom/.rvm/rubies/ruby-2.2.2/lib/ruby/2.2.0/webrick/httpserver.rb:138:in `service'
  /Users/rackom/.rvm/rubies/ruby-2.2.2/lib/ruby/2.2.0/webrick/httpserver.rb:94:in `run'
  /Users/rackom/.rvm/rubies/ruby-2.2.2/lib/ruby/2.2.0/webrick/server.rb:294:in `block in start_thread'


  Rendered /Users/rackom/.rvm/gems/ruby-2.2.2/gems/actionpack-3.2.22/lib/action_dispatch/middleware/templates/rescues/routing_error.erb within rescues/layout (1.8ms)


Started GET "/reuters_find?name=AAPL.xml" for 127.0.0.1 at 2015-12-17 12:05:40 +0100

ActionController::RoutingError (No route matches [GET] "/reuters_find"):
  actionpack (3.2.22) lib/action_dispatch/middleware/debug_exceptions.rb:21:in `call'
  actionpack (3.2.22) lib/action_dispatch/middleware/show_exceptions.rb:56:in `call'
  railties (3.2.22) lib/rails/rack/logger.rb:32:in `call_app'
  railties (3.2.22) lib/rails/rack/logger.rb:16:in `block in call'
  activesupport (3.2.22) lib/active_support/tagged_logging.rb:22:in `tagged'
  railties (3.2.22) lib/rails/rack/logger.rb:16:in `call'
  actionpack (3.2.22) lib/action_dispatch/middleware/request_id.rb:22:in `call'
  rack (1.4.7) lib/rack/methodoverride.rb:21:in `call'
  rack (1.4.7) lib/rack/runtime.rb:17:in `call'
  activesupport (3.2.22) lib/active_support/cache/strategy/local_cache.rb:72:in `call'
  rack (1.4.7) lib/rack/lock.rb:15:in `call'
  actionpack (3.2.22) lib/action_dispatch/middleware/static.rb:83:in `call'
  railties (3.2.22) lib/rails/engine.rb:484:in `call'
  railties (3.2.22) lib/rails/application.rb:231:in `call'
  rack (1.4.7) lib/rack/content_length.rb:14:in `call'
  railties (3.2.22) lib/rails/rack/log_tailer.rb:17:in `call'
  rack (1.4.7) lib/rack/handler/webrick.rb:59:in `service'
  /Users/rackom/.rvm/rubies/ruby-2.2.2/lib/ruby/2.2.0/webrick/httpserver.rb:138:in `service'
  /Users/rackom/.rvm/rubies/ruby-2.2.2/lib/ruby/2.2.0/webrick/httpserver.rb:94:in `run'
  /Users/rackom/.rvm/rubies/ruby-2.2.2/lib/ruby/2.2.0/webrick/server.rb:294:in `block in start_thread'


  Rendered /Users/rackom/.rvm/gems/ruby-2.2.2/gems/actionpack-3.2.22/lib/action_dispatch/middleware/templates/rescues/routing_error.erb within rescues/layout (0.5ms)


Started GET "/reuters_find?name=AAPL" for 127.0.0.1 at 2015-12-17 12:05:44 +0100

ActionController::RoutingError (No route matches [GET] "/reuters_find"):
  actionpack (3.2.22) lib/action_dispatch/middleware/debug_exceptions.rb:21:in `call'
  actionpack (3.2.22) lib/action_dispatch/middleware/show_exceptions.rb:56:in `call'
  railties (3.2.22) lib/rails/rack/logger.rb:32:in `call_app'
  railties (3.2.22) lib/rails/rack/logger.rb:16:in `block in call'
  activesupport (3.2.22) lib/active_support/tagged_logging.rb:22:in `tagged'
  railties (3.2.22) lib/rails/rack/logger.rb:16:in `call'
  actionpack (3.2.22) lib/action_dispatch/middleware/request_id.rb:22:in `call'
  rack (1.4.7) lib/rack/methodoverride.rb:21:in `call'
  rack (1.4.7) lib/rack/runtime.rb:17:in `call'
  activesupport (3.2.22) lib/active_support/cache/strategy/local_cache.rb:72:in `call'
  rack (1.4.7) lib/rack/lock.rb:15:in `call'
  actionpack (3.2.22) lib/action_dispatch/middleware/static.rb:83:in `call'
  railties (3.2.22) lib/rails/engine.rb:484:in `call'
  railties (3.2.22) lib/rails/application.rb:231:in `call'
  rack (1.4.7) lib/rack/content_length.rb:14:in `call'
  railties (3.2.22) lib/rails/rack/log_tailer.rb:17:in `call'
  rack (1.4.7) lib/rack/handler/webrick.rb:59:in `service'
  /Users/rackom/.rvm/rubies/ruby-2.2.2/lib/ruby/2.2.0/webrick/httpserver.rb:138:in `service'
  /Users/rackom/.rvm/rubies/ruby-2.2.2/lib/ruby/2.2.0/webrick/httpserver.rb:94:in `run'
  /Users/rackom/.rvm/rubies/ruby-2.2.2/lib/ruby/2.2.0/webrick/server.rb:294:in `block in start_thread'


  Rendered /Users/rackom/.rvm/gems/ruby-2.2.2/gems/actionpack-3.2.22/lib/action_dispatch/middleware/templates/rescues/routing_error.erb within rescues/layout (0.5ms)


Started GET "/reuters_find" for 127.0.0.1 at 2015-12-17 12:05:56 +0100

ActionController::RoutingError (No route matches [GET] "/reuters_find"):
  actionpack (3.2.22) lib/action_dispatch/middleware/debug_exceptions.rb:21:in `call'
  actionpack (3.2.22) lib/action_dispatch/middleware/show_exceptions.rb:56:in `call'
  railties (3.2.22) lib/rails/rack/logger.rb:32:in `call_app'
  railties (3.2.22) lib/rails/rack/logger.rb:16:in `block in call'
  activesupport (3.2.22) lib/active_support/tagged_logging.rb:22:in `tagged'
  railties (3.2.22) lib/rails/rack/logger.rb:16:in `call'
  actionpack (3.2.22) lib/action_dispatch/middleware/request_id.rb:22:in `call'
  rack (1.4.7) lib/rack/methodoverride.rb:21:in `call'
  rack (1.4.7) lib/rack/runtime.rb:17:in `call'
  activesupport (3.2.22) lib/active_support/cache/strategy/local_cache.rb:72:in `call'
  rack (1.4.7) lib/rack/lock.rb:15:in `call'
  actionpack (3.2.22) lib/action_dispatch/middleware/static.rb:83:in `call'
  railties (3.2.22) lib/rails/engine.rb:484:in `call'
  railties (3.2.22) lib/rails/application.rb:231:in `call'
  rack (1.4.7) lib/rack/content_length.rb:14:in `call'
  railties (3.2.22) lib/rails/rack/log_tailer.rb:17:in `call'
  rack (1.4.7) lib/rack/handler/webrick.rb:59:in `service'
  /Users/rackom/.rvm/rubies/ruby-2.2.2/lib/ruby/2.2.0/webrick/httpserver.rb:138:in `service'
  /Users/rackom/.rvm/rubies/ruby-2.2.2/lib/ruby/2.2.0/webrick/httpserver.rb:94:in `run'
  /Users/rackom/.rvm/rubies/ruby-2.2.2/lib/ruby/2.2.0/webrick/server.rb:294:in `block in start_thread'


  Rendered /Users/rackom/.rvm/gems/ruby-2.2.2/gems/actionpack-3.2.22/lib/action_dispatch/middleware/templates/rescues/routing_error.erb within rescues/layout (0.6ms)


Started GET "/reuters/find?name=AAPL" for 127.0.0.1 at 2015-12-17 12:07:34 +0100
Processing by ReutersController#find as HTML
  Parameters: {"name"=>"AAPL"}
Completed 406 Not Acceptable in 0.3ms


Started GET "/reuters/find.xml?name=AAPL" for 127.0.0.1 at 2015-12-17 12:07:55 +0100
Processing by ReutersController#find as XML
  Parameters: {"name"=>"AAPL"}
Completed 200 OK in 0.3ms (Views: 0.1ms)


Started GET "/reuters/find?name=AAPL" for 127.0.0.1 at 2015-12-17 12:09:13 +0100
Processing by ReutersController#find as HTML
  Parameters: {"name"=>"AAPL"}
Completed 500 Internal Server Error in 8.2ms

ActionView::MissingTemplate (Missing template reuters/find, application/find with {:locale=>[:en], :formats=>[:html], :handlers=>[:erb, :builder, :coffee]}. Searched in:
  * "/Users/rackom/Downloads/reuters-api/app/views"
):
  app/controllers/reuters_controller.rb:7:in `block (2 levels) in find'
  app/controllers/reuters_controller.rb:6:in `find'


  Rendered /Users/rackom/.rvm/gems/ruby-2.2.2/gems/actionpack-3.2.22/lib/action_dispatch/middleware/templates/rescues/missing_template.erb within rescues/layout (1.2ms)


Started GET "/reuters/find.html?name=AAPL" for 127.0.0.1 at 2015-12-17 12:09:17 +0100
Processing by ReutersController#find as HTML
  Parameters: {"name"=>"AAPL"}
Completed 500 Internal Server Error in 1.2ms

ActionView::MissingTemplate (Missing template reuters/find, application/find with {:locale=>[:en], :formats=>[:html], :handlers=>[:erb, :builder, :coffee]}. Searched in:
  * "/Users/rackom/Downloads/reuters-api/app/views"
):
  app/controllers/reuters_controller.rb:7:in `block (2 levels) in find'
  app/controllers/reuters_controller.rb:6:in `find'


  Rendered /Users/rackom/.rvm/gems/ruby-2.2.2/gems/actionpack-3.2.22/lib/action_dispatch/middleware/templates/rescues/missing_template.erb within rescues/layout (0.4ms)


Started GET "/reuters/find.xml?name=AAPL" for 127.0.0.1 at 2015-12-17 12:09:23 +0100
Processing by ReutersController#find as XML
  Parameters: {"name"=>"AAPL"}
Completed 406 Not Acceptable in 0.2ms


Started GET "/reuters/find.xml?name=AAPL" for 127.0.0.1 at 2015-12-17 12:09:30 +0100
Processing by ReutersController#find as XML
  Parameters: {"name"=>"AAPL"}
Completed 200 OK in 0.4ms (Views: 0.1ms)


Started GET "/reuters/find.xml?name=AAPL" for 127.0.0.1 at 2015-12-17 12:19:28 +0100
Processing by ReutersController#find as XML
  Parameters: {"name"=>"AAPL"}
Completed 500 Internal Server Error in 63.4ms

RuntimeError (redirection forbidden: http://en.wikipedia.org/ -> https://en.wikipedia.org/):
  app/controllers/reuters_controller.rb:8:in `find'


  Rendered /Users/rackom/.rvm/gems/ruby-2.2.2/gems/actionpack-3.2.22/lib/action_dispatch/middleware/templates/rescues/_trace.erb (1.9ms)
  Rendered /Users/rackom/.rvm/gems/ruby-2.2.2/gems/actionpack-3.2.22/lib/action_dispatch/middleware/templates/rescues/_request_and_response.erb (1.4ms)
  Rendered /Users/rackom/.rvm/gems/ruby-2.2.2/gems/actionpack-3.2.22/lib/action_dispatch/middleware/templates/rescues/diagnostics.erb within rescues/layout (23.4ms)


Started GET "/reuters/find.xml?name=AAPL" for 127.0.0.1 at 2015-12-17 12:20:09 +0100
Processing by ReutersController#find as XML
  Parameters: {"name"=>"AAPL"}
Completed 200 OK in 425.7ms (Views: 3.3ms)


Started GET "/reuters/find.xml?name=IBM" for 127.0.0.1 at 2015-12-17 12:22:48 +0100
Processing by ReutersController#find as XML
  Parameters: {"name"=>"IBM"}
Completed 200 OK in 1305.0ms (Views: 0.5ms)
